  main.cpp
c:\users\admin\desktop\informatyka 2\lab2\project1\main.cpp(19): warning C4996: 'scanf': This function or variable may be unsafe. Consider using scanf_s instead. To disable deprecation, use _CRT_SECURE_NO_WARNINGS. See online help for details.
  c:\program files (x86)\windows kits\10\include\10.0.18362.0\ucrt\stdio.h(1274): note: zobacz deklarację „scanf”
c:\users\admin\desktop\informatyka 2\lab2\project1\main.cpp(28): warning C4996: 'scanf': This function or variable may be unsafe. Consider using scanf_s instead. To disable deprecation, use _CRT_SECURE_NO_WARNINGS. See online help for details.
  c:\program files (x86)\windows kits\10\include\10.0.18362.0\ucrt\stdio.h(1274): note: zobacz deklarację „scanf”
c:\users\admin\desktop\informatyka 2\lab2\project1\main.cpp(32): warning C4996: 'fopen': This function or variable may be unsafe. Consider using fopen_s instead. To disable deprecation, use _CRT_SECURE_NO_WARNINGS. See online help for details.
  c:\program files (x86)\windows kits\10\include\10.0.18362.0\ucrt\stdio.h(208): note: zobacz deklarację „fopen”
c:\users\admin\desktop\informatyka 2\lab2\project1\main.cpp(33): warning C4996: 'fopen': This function or variable may be unsafe. Consider using fopen_s instead. To disable deprecation, use _CRT_SECURE_NO_WARNINGS. See online help for details.
  c:\program files (x86)\windows kits\10\include\10.0.18362.0\ucrt\stdio.h(208): note: zobacz deklarację „fopen”
c:\users\admin\desktop\informatyka 2\lab2\project1\main.cpp(58): warning C4996: 'scanf': This function or variable may be unsafe. Consider using scanf_s instead. To disable deprecation, use _CRT_SECURE_NO_WARNINGS. See online help for details.
  c:\program files (x86)\windows kits\10\include\10.0.18362.0\ucrt\stdio.h(1274): note: zobacz deklarację „scanf”
c:\users\admin\desktop\informatyka 2\lab2\project1\main.cpp(62): warning C4996: 'fopen': This function or variable may be unsafe. Consider using fopen_s instead. To disable deprecation, use _CRT_SECURE_NO_WARNINGS. See online help for details.
  c:\program files (x86)\windows kits\10\include\10.0.18362.0\ucrt\stdio.h(208): note: zobacz deklarację „fopen”
c:\users\admin\desktop\informatyka 2\lab2\project1\main.cpp(63): warning C4996: 'fopen': This function or variable may be unsafe. Consider using fopen_s instead. To disable deprecation, use _CRT_SECURE_NO_WARNINGS. See online help for details.
  c:\program files (x86)\windows kits\10\include\10.0.18362.0\ucrt\stdio.h(208): note: zobacz deklarację „fopen”
c:\users\admin\desktop\informatyka 2\lab2\project1\main.cpp(88): warning C4996: 'scanf': This function or variable may be unsafe. Consider using scanf_s instead. To disable deprecation, use _CRT_SECURE_NO_WARNINGS. See online help for details.
  c:\program files (x86)\windows kits\10\include\10.0.18362.0\ucrt\stdio.h(1274): note: zobacz deklarację „scanf”
c:\users\admin\desktop\informatyka 2\lab2\project1\main.cpp(92): warning C4996: 'fopen': This function or variable may be unsafe. Consider using fopen_s instead. To disable deprecation, use _CRT_SECURE_NO_WARNINGS. See online help for details.
  c:\program files (x86)\windows kits\10\include\10.0.18362.0\ucrt\stdio.h(208): note: zobacz deklarację „fopen”
c:\users\admin\desktop\informatyka 2\lab2\project1\main.cpp(93): warning C4996: 'fopen': This function or variable may be unsafe. Consider using fopen_s instead. To disable deprecation, use _CRT_SECURE_NO_WARNINGS. See online help for details.
  c:\program files (x86)\windows kits\10\include\10.0.18362.0\ucrt\stdio.h(208): note: zobacz deklarację „fopen”
  Project1.vcxproj -> C:\Users\Admin\Desktop\informatyka 2\lab2\Debug\Project1.exe
